[110C:1098][2021-07-01T21:39:22]i001: Burn v3.11.1.2318, Windows v6.1 (Build 7600: Service Pack 0), path: C:\Users\admin\AppData\Local\Temp\{739F6C68-9927-49A5-AD1C-77586B91944C}\.cr\python-3.9.6-amd64.exe
[110C:1098][2021-07-01T21:39:22]i000: Initializing string variable 'ActionLikeInstalling' to value 'Installing'
[110C:1098][2021-07-01T21:39:22]i000: Initializing string variable 'ActionLikeInstallation' to value 'Setup'
[110C:1098][2021-07-01T21:39:22]i000: Initializing string variable 'ShortVersion' to value '3.9'
[110C:1098][2021-07-01T21:39:22]i000: Initializing numeric variable 'ShortVersionNoDot' to value '39'
[110C:1098][2021-07-01T21:39:22]i000: Initializing string variable 'WinVer' to value '3.9'
[110C:1098][2021-07-01T21:39:22]i000: Initializing numeric variable 'WinVerNoDot' to value '39'
[110C:1098][2021-07-01T21:39:22]i000: Initializing numeric variable 'InstallAllUsers' to value '0'
[110C:1098][2021-07-01T21:39:22]i000: Initializing numeric variable 'InstallLauncherAllUsers' to value '1'
[110C:1098][2021-07-01T21:39:22]i000: Initializing string variable 'TargetDir' to value ''
[110C:1098][2021-07-01T21:39:22]i000: Initializing string variable 'DefaultAllUsersTargetDir' to value '[ProgramFiles64Folder]Python[WinVerNoDot]'
[110C:1098][2021-07-01T21:39:22]i000: Initializing string variable 'TargetPlatform' to value 'x64'
[110C:1098][2021-07-01T21:39:22]i000: Initializing string variable 'DefaultJustForMeTargetDir' to value '[LocalAppDataFolder]Programs\Python\Python[WinVerNoDot]'
[110C:1098][2021-07-01T21:39:22]i000: Initializing string variable 'OptionalFeaturesRegistryKey' to value 'Software\Python\PythonCore\[WinVer]\InstalledFeatures'
[110C:1098][2021-07-01T21:39:22]i000: Initializing string variable 'TargetDirRegistryKey' to value 'Software\Python\PythonCore\[WinVer]\InstallPath'
[110C:1098][2021-07-01T21:39:22]i000: Initializing string variable 'DefaultCustomTargetDir' to value ''
[110C:1098][2021-07-01T21:39:22]i000: Initializing string variable 'InstallAllUsersState' to value 'enabled'
[110C:1098][2021-07-01T21:39:22]i000: Initializing string variable 'InstallLauncherAllUsersState' to value 'enabled'
[110C:1098][2021-07-01T21:39:22]i000: Initializing string variable 'CustomInstallLauncherAllUsersState' to value '[InstallLauncherAllUsersState]'
[110C:1098][2021-07-01T21:39:22]i000: Initializing string variable 'TargetDirState' to value 'enabled'
[110C:1098][2021-07-01T21:39:22]i000: Initializing string variable 'CustomBrowseButtonState' to value 'enabled'
[110C:1098][2021-07-01T21:39:22]i000: Initializing numeric variable 'Include_core' to value '1'
[110C:1098][2021-07-01T21:39:22]i000: Initializing numeric variable 'Include_exe' to value '1'
[110C:1098][2021-07-01T21:39:22]i000: Initializing numeric variable 'Include_dev' to value '1'
[110C:1098][2021-07-01T21:39:22]i000: Initializing numeric variable 'Include_lib' to value '1'
[110C:1098][2021-07-01T21:39:22]i000: Initializing numeric variable 'Include_test' to value '1'
[110C:1098][2021-07-01T21:39:22]i000: Initializing numeric variable 'Include_doc' to value '1'
[110C:1098][2021-07-01T21:39:22]i000: Initializing numeric variable 'Include_tools' to value '1'
[110C:1098][2021-07-01T21:39:22]i000: Initializing numeric variable 'Include_tcltk' to value '1'
[110C:1098][2021-07-01T21:39:22]i000: Initializing numeric variable 'Include_pip' to value '1'
[110C:1098][2021-07-01T21:39:22]i000: Initializing numeric variable 'Include_launcher' to value '-1'
[110C:1098][2021-07-01T21:39:22]i000: Initializing string variable 'Include_launcherState' to value 'enabled'
[110C:1098][2021-07-01T21:39:22]i000: Initializing numeric variable 'Include_symbols' to value '0'
[110C:1098][2021-07-01T21:39:22]i000: Initializing numeric variable 'Include_debug' to value '0'
[110C:1098][2021-07-01T21:39:22]i000: Initializing numeric variable 'LauncherOnly' to value '0'
[110C:1098][2021-07-01T21:39:22]i000: Initializing numeric variable 'DetectedLauncher' to value '0'
[110C:1098][2021-07-01T21:39:22]i000: Initializing numeric variable 'DetectedOldLauncher' to value '0'
[110C:1098][2021-07-01T21:39:22]i000: Initializing numeric variable 'AssociateFiles' to value '1'
[110C:1098][2021-07-01T21:39:22]i000: Initializing numeric variable 'Shortcuts' to value '1'
[110C:1098][2021-07-01T21:39:22]i000: Initializing numeric variable 'PrependPath' to value '0'
[110C:1098][2021-07-01T21:39:22]i000: Initializing numeric variable 'CompileAll' to value '0'
[110C:1098][2021-07-01T21:39:22]i000: Initializing numeric variable 'SimpleInstall' to value '0'
[110C:1098][2021-07-01T21:39:22]i000: Initializing string variable 'SimpleInstallDescription' to value ''
[110C:1098][2021-07-01T21:39:22]i009: Command Line: '-burn.clean.room=C:\Users\admin\Downloads\python-3.9.6-amd64.exe -burn.filehandle.attached=148 -burn.filehandle.self=156'
[110C:1098][2021-07-01T21:39:22]i000: Setting string variable 'WixBundleOriginalSource' to value 'C:\Users\admin\Downloads\python-3.9.6-amd64.exe'
[110C:1098][2021-07-01T21:39:22]i000: Setting string variable 'WixBundleOriginalSourceFolder' to value 'C:\Users\admin\Downloads\'
[110C:1098][2021-07-01T21:39:22]i000: Setting string variable 'WixBundleLog' to value 'C:\Users\admin\AppData\Local\Temp\Python 3.9.6 (64-bit)_20210701213922.log'
[110C:1098][2021-07-01T21:39:22]i000: Setting string variable 'WixBundleName' to value 'Python 3.9.6 (64-bit)'
[110C:1098][2021-07-01T21:39:22]i000: Setting string variable 'WixBundleManufacturer' to value 'Python Software Foundation'
[110C:1098][2021-07-01T21:39:22]i000: Setting numeric variable 'CRTInstalled' to value 0
[110C:044C][2021-07-01T21:39:22]i000: Did not find C:\Users\admin\Downloads\unattend.xml
[110C:044C][2021-07-01T21:39:23]i000: Setting string variable 'ActionLikeInstalling' to value 'Installing'
[110C:044C][2021-07-01T21:39:23]i000: Setting string variable 'ActionLikeInstallation' to value 'Setup'
[110C:044C][2021-07-01T21:39:23]i000: Setting version variable 'WixBundleFileVersion' to value '3.9.6150.0'
[110C:044C][2021-07-01T21:39:23]e000: Detected Windows 7
[110C:044C][2021-07-01T21:39:23]e000: Windows 8.1 or later is required to continue installation
